C:\Users\Pouki\Documents\#Rep_C\#Fontys_S3\S3_Tamago_WebApi's\Shared\Shared\ActiveMQ_Models\BuyItemModel.cs

C:\Users\Pouki\Documents\#Rep_C\#Fontys_S3\S3_Tamago_WebApi's\Shared\Shared\ActiveMQ_Models\ItemModel.cs

C:\Users\Pouki\Documents\#Rep_C\#Fontys_S3\S3_Tamago_WebApi's\Shared\Shared\ActiveMQ_Models\RequestItemModel.cs

C:\Users\Pouki\Documents\#Rep_C\#Fontys_S3\S3_Tamago_WebApi's\Shared\Shared\ActiveMQ_Models\RequestItemResponseModel.cs

C:\Users\Pouki\Documents\#Rep_C\#Fontys_S3\S3_Tamago_WebApi's\Shared\Shared\ApiModels\AnimalModel.cs

C:\Users\Pouki\Documents\#Rep_C\#Fontys_S3\S3_Tamago_WebApi's\Shared\Shared\ApiModels\FoodModel.cs

C:\Users\Pouki\Documents\#Rep_C\#Fontys_S3\S3_Tamago_WebApi's\Shared\Shared\ApiModels\InventoryModel.cs

C:\Users\Pouki\Documents\#Rep_C\#Fontys_S3\S3_Tamago_WebApi's\Shared\Shared\ApiModels\UserModel.cs

C:\Users\Pouki\Documents\#Rep_C\#Fontys_S3\S3_Tamago_WebApi's\Shared\Shared\ApiModels\WalletModel.cs

C:\Users\Pouki\Documents\#Rep_C\#Fontys_S3\S3_Tamago_WebApi's\Shared\Shared\Extensions\ActiveMQ\ActiveMQLog.cs
ConnectSender 79
ConnectSender 62
ConnectListener 3
ConnectListener 0
ConvertObjectToIMessage 4
ConvertObjectToIMessage 0
ConvertIMessageToObject 3
ConvertIMessageToObject 0
GetMessageProducer 4
GetMessageProducer 0
GetMessageConsumer 3
GetMessageConsumer 0
IsSesionActive 3
IsSesionActive 0
CloseSession 3
CloseSession 0

C:\Users\Pouki\Documents\#Rep_C\#Fontys_S3\S3_Tamago_WebApi's\Shared\Shared\Extensions\ActiveMQ\IActiveMQLog.cs
ConnectListener 3
ConnectListener 0
ConnectSender 3
ConnectSender 0
CloseSession 3
CloseSession 0
IsSesionActive 3
IsSesionActive 0
GetMessageConsumer 2
GetMessageConsumer 0
GetMessageProducer 3
GetMessageProducer 0
ConvertObjectToIMessage 3
ConvertObjectToIMessage 0
ConvertIMessageToObject 4
ConvertIMessageToObject 0

C:\Users\Pouki\Documents\#Rep_C\#Fontys_S3\S3_Tamago_WebApi's\Shared\Shared\Extensions\Consul\ConfigurationSetting.cs

C:\Users\Pouki\Documents\#Rep_C\#Fontys_S3\S3_Tamago_WebApi's\Shared\Shared\Extensions\Consul\ServiceRegistryAppExtension.cs
AddConsulConfig 8
AddConsulConfig 0
UseConsul 3
UseConsul 0

C:\Users\Pouki\Documents\#Rep_C\#Fontys_S3\S3_Tamago_WebApi's\Shared\Shared\Extensions\Consul\StartupConfig.cs
RegisterConfiguration 5
RegisterConfiguration 0

