Product projects
---------------------------------------
C:\Users\Pouki\Documents\#Rep_C\#Fontys_S3\S3_Tamago_WebApi's\Shared\Shared.csproj
C:\Users\Pouki\Documents\#Rep_C\#Fontys_S3\S3_Tamago_WebApi's\Tamago_Shop\Tamago_Shop.csproj
C:\Users\Pouki\Documents\#Rep_C\#Fontys_S3\S3_Tamago_WebApi's\Tamago_Bank\Tamago_Bank.csproj
C:\Users\Pouki\Documents\#Rep_C\#Fontys_S3\S3_Tamago_WebApi's\Tamago_Inventory\Tamago_Inventory.csproj


Test projects
---------------------------------------
C:\Users\Pouki\Documents\#Rep_C\#Fontys_S3\S3_Tamago_WebApi's\Shop_Test\Shop_Test.csproj
C:\Users\Pouki\Documents\#Rep_C\#Fontys_S3\S3_Tamago_WebApi's\Bank_Test\Bank_Test.csproj
C:\Users\Pouki\Documents\#Rep_C\#Fontys_S3\S3_Tamago_WebApi's\Inventory_Test\Inventory_Test.csproj


Invalid projects
---------------------------------------
{none}


Skipped projects
---------------------------------------
{none}


Excluded projects
---------------------------------------
{none}


